0.947867 70.2823 213.602
0.947523 69.9416 213.132
0.947195 69.615 212.701
0.947023 69.4546 212.496
0.946068 68.5386 211.424
0.944856 67.4112 210.342
0.944174 66.7894 209.866
0.943374 66.0826 209.441
0.943116 65.8555 209.332
0.942993 65.7462 209.284
0.938251 60.6673 208.404
0.969075 99.478 292.334
0.936919 59.3267 208.423
0.936498 58.9152 208.453
0.935695 58.1492 208.545
0.935158 57.3698 208.687
0.93455 57.0842 208.752
0.933477 56.1305 209.023
0.939644 62.9444 209.274
0.939429 62.7754 209.355
0.930893 53.9522 209.994
0.928638 52.1764 211.213
0.928117 51.7787 211.547
0.927844 51.5837 211.719
0.92734 51.2096 212.067
0.927106 51.027 212.245
0.926595 50.6731 212.606
0.926121 50.3325 212.974
0.925881 50.165 213.162
0.925649 50.0023 213.35
0.924735 49.3738 214.123
0.924289 49.0739 214.518
0.923853 48.7842 214.918
0.923165 48.5209 215.297
