0.942936 62.7025 210.656
0.942674 62.4971 210.497
0.942565 62.4226 210.403
0.942449 62.3344 210.33
0.942336 62.2391 210.256
0.942099 62.084 210.155
0.942002 61.9753 210.06
0.941774 61.7894 209.957
0.941554 61.627 209.843
0.941448 61.5454 209.796
0.94134 61.4597 209.752
0.941242 61.3775 209.71
0.941014 61.1998 209.647
0.940809 61.0508 209.573
0.940604 60.8959 209.521
0.940403 60.7409 209.479
0.94029 60.6529 209.475
0.940198 60.5899 209.448
0.9401 60.5147 209.435
0.9399 60.3668 209.418
0.939704 60.208 209.422
0.939319 59.9353 209.419
0.939115 59.7956 209.434
0.937388 58.057 209.827
0.936395 57.1042 210.156
0.936065 56.8044 210.277
0.935146 55.9542 210.672
0.934853 55.685 210.812
0.93398 54.9233 211.258
0.933697 54.6787 211.418
0.933465 54.4441 211.574
0.933149 54.214 211.736
0.932358 53.5489 212.244
0.932108 53.3359 212.427
0.931351 52.727 212.959
0.93112 52.5325 213.149
0.930627 52.1512 213.52
0.930126 51.7878 213.922
0.929924 51.6115 214.095
0.929702 51.4431 214.303
0.92949 51.2715 214.489
